<?xml version="1.0" encoding="UTF-8"?>
<!-- Generated by org.testng.reporters.JUnitXMLReporter -->
<testsuite ignored="1" hostname="DESKTOP-UPLJBLO" failures="1" tests="1" name="Submit Order Test" time="0.079" errors="0" timestamp="2024-10-19T22:37:04 IST">
  <testcase classname="rahulshettyacademy.tests.SubmitOrderTest" name="sumbitOrder" time="0.0">
    <failure type="java.lang.RuntimeException" message="java.lang.Error: Unresolved compilation problems: 
	map cannot be resolved to a variable
	map1 cannot be resolved to a variable
">
      <![CDATA[java.lang.RuntimeException: java.lang.Error: Unresolved compilation problems: 
map cannot be resolved to a variable
map1 cannot be resolved to a variable

at java.base/java.util.ArrayList.forEach(ArrayList.java:1596)
at java.base/java.util.concurrent.FutureTask.run(FutureTask.java:317)
at java.base/java.util.concurrent.ThreadPoolExecutor.runWorker(ThreadPoolExecutor.java:1144)
at java.base/java.util.concurrent.ThreadPoolExecutor$Worker.run(ThreadPoolExecutor.java:642)
at java.base/java.lang.Thread.run(Thread.java:1583)
Caused by: java.lang.Error: Unresolved compilation problems: 
map cannot be resolved to a variable
map1 cannot be resolved to a variable

at rahulshettyacademy.tests.SubmitOrderTest.getData(SubmitOrderTest.java:70)
... 19 more
... Removed 20 stack frames]]>
    </failure>
  </testcase> <!-- sumbitOrder -->
  <testcase classname="rahulshettyacademy.tests.SubmitOrderTest" name="OrderHistoryTest" time="0.0">
    <ignored/>
  </testcase> <!-- OrderHistoryTest -->
</testsuite> <!-- Submit Order Test -->
